2025-02-28 19:02:17,744 - instances - general_logger - ERROR - Error starting instance operations: No section: 'database'
2025-02-28 22:06:10,529 - instances - general_logger - ERROR - Error starting instance operations: No section: 'database'
2025-02-28 22:07:56,229 - instances - general_logger - ERROR - Error starting instance operations: Erro ao inicializar a interface para Exchange ID 1: [Errno 2] No such file or directory: 'source/exchange_classes.json'
2025-02-28 22:19:56,433 - instances - general_logger - ERROR - Error starting instance operations: Erro ao inicializar a interface para Exchange ID 1: [Errno 2] No such file or directory: 'source/exchange_classes.json'
2025-02-28 22:24:36,966 - instances - general_logger - ERROR - Error starting instance operations: Erro ao inicializar a interface para Exchange ID 1: [Errno 2] No such file or directory: 'exchange_classes.json'
2025-02-28 22:27:39,169 - manager - general_logger - INFO - OperationHandler initialized for symbol: BTC-USDT, side: buy
2025-02-28 22:27:41,887 - manager - general_logger - INFO - Starting operation at 2025-03-01 01:27:41.887396+00:00 for symbol: BTC-USDT, buy
2025-02-28 22:27:43,688 - instances - general_logger - INFO - Started buy operation for instance 22, strategy 44b32fc9-fd28-4816-bff2-c7e4a1149778, user 1.
2025-02-28 22:27:51,730 - manager - general_logger - INFO - OperationHandler initialized for symbol: BTC-USDT, side: sell
2025-02-28 22:27:56,563 - instances - general_logger - INFO - Started sell operation for instance 22, strategy 44b32fc9-fd28-4816-bff2-c7e4a1149778, user 1.
2025-02-28 22:32:50,338 - instances - general_logger - WARNING - Operation for instance 22, strategy 44b32fc9-fd28-4816-bff2-c7e4a1149778, side buy already running.
2025-02-28 22:32:50,339 - instances - general_logger - WARNING - Operation for instance 22, strategy 44b32fc9-fd28-4816-bff2-c7e4a1149778, side sell already running.
2025-02-28 22:32:54,610 - manager - general_logger - INFO - **Filled Condition** Performing Operation...
2025-02-28 22:32:54,611 - exchange_interface - general_logger - INFO - Getting balance for currency: USDT
2025-02-28 22:32:58,228 - instances - general_logger - WARNING - Operation for instance 22, strategy 44b32fc9-fd28-4816-bff2-c7e4a1149778, side buy already running.
2025-02-28 22:32:58,229 - instances - general_logger - WARNING - Operation for instance 22, strategy 44b32fc9-fd28-4816-bff2-c7e4a1149778, side sell already running.
2025-03-02 17:43:39,748 - instances - general_logger - INFO - Iniciando Director
2025-03-02 17:44:16,932 - instances - general_logger - INFO - Iniciando Director
2025-03-02 17:45:05,929 - instances - general_logger - INFO - [(62, UUID('44b32fc9-fd28-4816-bff2-c7e4a1149778'), 'BTC-USDT', 'buy', Decimal('0.10'), 2, Decimal('30.00'), 1, 'running', None, None)]
2025-03-02 17:55:36,464 - instances - general_logger - INFO - [(62, UUID('44b32fc9-fd28-4816-bff2-c7e4a1149778'), 'BTC-USDT', 'buy', Decimal('0.10'), 2, Decimal('30.00'), 1, 'running', None, None)]
